<?xml version="1.0" encoding="UTF-8"?>
<!-- Generated by org.testng.reporters.JUnitReportReporter -->
<testsuite skipped="0" hostname="IITC-WS-QA33" name="main.Controller" tests="1" failures="0" timestamp="16 Apr 2018 06:11:49 GMT" time="32.492" errors="0">
  <testcase name="mainFunction" time="32.492" classname="main.Controller"/>
</testsuite> <!-- main.Controller -->
